<?xml version="1.0" encoding="UTF-8"?>
<!-- Generated by org.testng.reporters.JUnitReportReporter -->
<testsuite skipped="0" hostname="DESKTOP-EHVLCVH" name="locators.amazon1" tests="3" failures="0" timestamp="27 Jul 2018 07:52:10 GMT" time="36.183" errors="0">
  <testcase name="login" time="8.572" classname="locators.amazon1"/>
  <testcase name="validateLoginUserName" time="13.181" classname="locators.amazon1"/>
  <testcase name="loginTitleTest" time="14.430" classname="locators.amazon1"/>
</testsuite> <!-- locators.amazon1 -->
